1718529416.144127 client started (41895): version 3.2a, socket /tmp/tmux-1000/default, protocol 8
1718529416.144171 on Linux 5.15.0-112-generic #122-Ubuntu SMP Thu May 23 07:48:21 UTC 2024
1718529416.144174 using libevent 2.1.12-stable (poll); ncurses 6.3
1718529416.144183 flags are 0x18000000
1718529416.144187 socket is /tmp/tmux-1000/default
1718529416.144208 trying connect
1718529416.144240 connect failed: Connection refused
1718529416.144245 lock file is /tmp/tmux-1000/default.lock
1718529416.144275 flock succeeded
1718529416.144277 got lock (6)
1718529416.144279 trying connect
1718529416.144283 connect failed: Connection refused
1718529416.144471 add peer 0x564411987370: 7 ((nil))
1718529416.144775 sending message 100 to peer 0x564411987370 (4 bytes)
1718529416.144780 sending message 111 to peer 0x564411987370 (8 bytes)
1718529416.144782 sending message 101 to peer 0x564411987370 (15 bytes)
1718529416.144784 sending message 109 to peer 0x564411987370 (4 bytes)
1718529416.144785 sending message 102 to peer 0x564411987370 (11 bytes)
1718529416.144787 sending message 108 to peer 0x564411987370 (30 bytes)
1718529416.144789 sending message 112 to peer 0x564411987370 (58 bytes)
1718529416.144791 sending message 112 to peer 0x564411987370 (5 bytes)
1718529416.144794 sending message 112 to peer 0x564411987370 (5 bytes)
1718529416.144796 sending message 112 to peer 0x564411987370 (6 bytes)
1718529416.144797 sending message 112 to peer 0x564411987370 (6 bytes)
1718529416.144799 sending message 112 to peer 0x564411987370 (11 bytes)
1718529416.144801 sending message 112 to peer 0x564411987370 (10 bytes)
1718529416.144803 sending message 112 to peer 0x564411987370 (13 bytes)
1718529416.144805 sending message 112 to peer 0x564411987370 (14 bytes)
1718529416.144806 sending message 112 to peer 0x564411987370 (19 bytes)
1718529416.144808 sending message 112 to peer 0x564411987370 (11 bytes)
1718529416.144810 sending message 112 to peer 0x564411987370 (10 bytes)
1718529416.144812 sending message 112 to peer 0x564411987370 (15 bytes)
1718529416.144813 sending message 112 to peer 0x564411987370 (21 bytes)
1718529416.144815 sending message 112 to peer 0x564411987370 (13 bytes)
1718529416.144817 sending message 112 to peer 0x564411987370 (7 bytes)
1718529416.144819 sending message 112 to peer 0x564411987370 (13 bytes)
1718529416.144821 sending message 112 to peer 0x564411987370 (7 bytes)
1718529416.144823 sending message 112 to peer 0x564411987370 (13 bytes)
1718529416.144825 sending message 112 to peer 0x564411987370 (9 bytes)
1718529416.144827 sending message 112 to peer 0x564411987370 (21 bytes)
1718529416.144829 sending message 112 to peer 0x564411987370 (13 bytes)
1718529416.144832 sending message 112 to peer 0x564411987370 (9 bytes)
1718529416.144835 sending message 112 to peer 0x564411987370 (16 bytes)
1718529416.144837 sending message 112 to peer 0x564411987370 (13 bytes)
1718529416.144839 sending message 112 to peer 0x564411987370 (9 bytes)
1718529416.144840 sending message 112 to peer 0x564411987370 (9 bytes)
1718529416.144842 sending message 112 to peer 0x564411987370 (12 bytes)
1718529416.144845 sending message 112 to peer 0x564411987370 (8 bytes)
1718529416.144847 sending message 112 to peer 0x564411987370 (8 bytes)
1718529416.144848 sending message 112 to peer 0x564411987370 (13 bytes)
1718529416.144850 sending message 112 to peer 0x564411987370 (7 bytes)
1718529416.144852 sending message 112 to peer 0x564411987370 (7 bytes)
1718529416.144854 sending message 112 to peer 0x564411987370 (9 bytes)
1718529416.144856 sending message 112 to peer 0x564411987370 (9 bytes)
1718529416.144858 sending message 112 to peer 0x564411987370 (15 bytes)
1718529416.144859 sending message 112 to peer 0x564411987370 (13 bytes)
1718529416.144861 sending message 112 to peer 0x564411987370 (12 bytes)
1718529416.144863 sending message 112 to peer 0x564411987370 (8 bytes)
1718529416.144865 sending message 112 to peer 0x564411987370 (14 bytes)
1718529416.144867 sending message 112 to peer 0x564411987370 (11 bytes)
1718529416.144869 sending message 112 to peer 0x564411987370 (9 bytes)
1718529416.144880 sending message 112 to peer 0x564411987370 (10 bytes)
1718529416.144882 sending message 112 to peer 0x564411987370 (10 bytes)
1718529416.144884 sending message 112 to peer 0x564411987370 (10 bytes)
1718529416.144886 sending message 112 to peer 0x564411987370 (10 bytes)
1718529416.144888 sending message 112 to peer 0x564411987370 (11 bytes)
1718529416.144890 sending message 112 to peer 0x564411987370 (12 bytes)
1718529416.144892 sending message 112 to peer 0x564411987370 (12 bytes)
1718529416.144894 sending message 112 to peer 0x564411987370 (12 bytes)
1718529416.144896 sending message 112 to peer 0x564411987370 (12 bytes)
1718529416.144898 sending message 112 to peer 0x564411987370 (12 bytes)
1718529416.144900 sending message 112 to peer 0x564411987370 (11 bytes)
1718529416.144902 sending message 112 to peer 0x564411987370 (11 bytes)
1718529416.144904 sending message 112 to peer 0x564411987370 (12 bytes)
1718529416.144906 sending message 112 to peer 0x564411987370 (12 bytes)
1718529416.144909 sending message 112 to peer 0x564411987370 (12 bytes)
1718529416.144910 sending message 112 to peer 0x564411987370 (12 bytes)
1718529416.144912 sending message 112 to peer 0x564411987370 (12 bytes)
1718529416.144914 sending message 112 to peer 0x564411987370 (9 bytes)
1718529416.144916 sending message 112 to peer 0x564411987370 (12 bytes)
1718529416.144918 sending message 112 to peer 0x564411987370 (13 bytes)
1718529416.144920 sending message 112 to peer 0x564411987370 (13 bytes)
1718529416.144922 sending message 112 to peer 0x564411987370 (13 bytes)
1718529416.144924 sending message 112 to peer 0x564411987370 (13 bytes)
1718529416.144926 sending message 112 to peer 0x564411987370 (13 bytes)
1718529416.144928 sending message 112 to peer 0x564411987370 (8 bytes)
1718529416.144930 sending message 112 to peer 0x564411987370 (11 bytes)
1718529416.144933 sending message 112 to peer 0x564411987370 (11 bytes)
1718529416.144935 sending message 112 to peer 0x564411987370 (11 bytes)
1718529416.144937 sending message 112 to peer 0x564411987370 (12 bytes)
1718529416.144939 sending message 112 to peer 0x564411987370 (12 bytes)
1718529416.144941 sending message 112 to peer 0x564411987370 (12 bytes)
1718529416.144943 sending message 112 to peer 0x564411987370 (12 bytes)
1718529416.144944 sending message 112 to peer 0x564411987370 (13 bytes)
1718529416.144946 sending message 112 to peer 0x564411987370 (13 bytes)
1718529416.144948 sending message 112 to peer 0x564411987370 (13 bytes)
1718529416.144952 sending message 112 to peer 0x564411987370 (8 bytes)
1718529416.144953 sending message 112 to peer 0x564411987370 (13 bytes)
1718529416.144955 sending message 112 to peer 0x564411987370 (13 bytes)
1718529416.144957 sending message 112 to peer 0x564411987370 (13 bytes)
1718529416.144959 sending message 112 to peer 0x564411987370 (13 bytes)
1718529416.144961 sending message 112 to peer 0x564411987370 (13 bytes)
1718529416.144963 sending message 112 to peer 0x564411987370 (12 bytes)
1718529416.144965 sending message 112 to peer 0x564411987370 (12 bytes)
1718529416.144967 sending message 112 to peer 0x564411987370 (12 bytes)
1718529416.144968 sending message 112 to peer 0x564411987370 (12 bytes)
1718529416.144971 sending message 112 to peer 0x564411987370 (13 bytes)
1718529416.144973 sending message 112 to peer 0x564411987370 (8 bytes)
1718529416.144975 sending message 112 to peer 0x564411987370 (13 bytes)
1718529416.144977 sending message 112 to peer 0x564411987370 (13 bytes)
1718529416.144979 sending message 112 to peer 0x564411987370 (13 bytes)
1718529416.144981 sending message 112 to peer 0x564411987370 (13 bytes)
1718529416.144984 sending message 112 to peer 0x564411987370 (13 bytes)
1718529416.144985 sending message 112 to peer 0x564411987370 (13 bytes)
1718529416.144987 sending message 112 to peer 0x564411987370 (13 bytes)
1718529416.144990 sending message 112 to peer 0x564411987370 (12 bytes)
1718529416.144992 sending message 112 to peer 0x564411987370 (12 bytes)
1718529416.144993 sending message 112 to peer 0x564411987370 (12 bytes)
1718529416.144999 sending message 112 to peer 0x564411987370 (8 bytes)
1718529416.145001 sending message 112 to peer 0x564411987370 (12 bytes)
1718529416.145003 sending message 112 to peer 0x564411987370 (13 bytes)
1718529416.145005 sending message 112 to peer 0x564411987370 (13 bytes)
1718529416.145007 sending message 112 to peer 0x564411987370 (13 bytes)
1718529416.145009 sending message 112 to peer 0x564411987370 (13 bytes)
1718529416.145011 sending message 112 to peer 0x564411987370 (13 bytes)
1718529416.145013 sending message 112 to peer 0x564411987370 (13 bytes)
1718529416.145015 sending message 112 to peer 0x564411987370 (13 bytes)
1718529416.145017 sending message 112 to peer 0x564411987370 (13 bytes)
1718529416.145019 sending message 112 to peer 0x564411987370 (12 bytes)
1718529416.145021 sending message 112 to peer 0x564411987370 (10 bytes)
1718529416.145023 sending message 112 to peer 0x564411987370 (12 bytes)
1718529416.145025 sending message 112 to peer 0x564411987370 (12 bytes)
1718529416.145027 sending message 112 to peer 0x564411987370 (12 bytes)
1718529416.145029 sending message 112 to peer 0x564411987370 (13 bytes)
1718529416.145031 sending message 112 to peer 0x564411987370 (13 bytes)
1718529416.145033 sending message 112 to peer 0x564411987370 (13 bytes)
1718529416.145035 sending message 112 to peer 0x564411987370 (13 bytes)
1718529416.145037 sending message 112 to peer 0x564411987370 (13 bytes)
1718529416.145039 sending message 112 to peer 0x564411987370 (13 bytes)
1718529416.145041 sending message 112 to peer 0x564411987370 (13 bytes)
1718529416.145043 sending message 112 to peer 0x564411987370 (10 bytes)
1718529416.145044 sending message 112 to peer 0x564411987370 (13 bytes)
1718529416.145046 sending message 112 to peer 0x564411987370 (12 bytes)
1718529416.145048 sending message 112 to peer 0x564411987370 (12 bytes)
1718529416.145050 sending message 112 to peer 0x564411987370 (12 bytes)
1718529416.145052 sending message 112 to peer 0x564411987370 (10 bytes)
1718529416.145055 sending message 112 to peer 0x564411987370 (10 bytes)
1718529416.145056 sending message 112 to peer 0x564411987370 (10 bytes)
1718529416.145059 sending message 112 to peer 0x564411987370 (12 bytes)
1718529416.145061 sending message 112 to peer 0x564411987370 (13 bytes)
1718529416.145062 sending message 112 to peer 0x564411987370 (13 bytes)
1718529416.145064 sending message 112 to peer 0x564411987370 (13 bytes)
1718529416.145066 sending message 112 to peer 0x564411987370 (13 bytes)
1718529416.145068 sending message 112 to peer 0x564411987370 (13 bytes)
1718529416.145070 sending message 112 to peer 0x564411987370 (10 bytes)
1718529416.145073 sending message 112 to peer 0x564411987370 (11 bytes)
1718529416.145074 sending message 112 to peer 0x564411987370 (12 bytes)
1718529416.145077 sending message 112 to peer 0x564411987370 (12 bytes)
1718529416.145078 sending message 112 to peer 0x564411987370 (12 bytes)
1718529416.145080 sending message 112 to peer 0x564411987370 (12 bytes)
1718529416.145082 sending message 112 to peer 0x564411987370 (12 bytes)
1718529416.145084 sending message 112 to peer 0x564411987370 (11 bytes)
1718529416.145086 sending message 112 to peer 0x564411987370 (12 bytes)
1718529416.145088 sending message 112 to peer 0x564411987370 (12 bytes)
1718529416.145090 sending message 112 to peer 0x564411987370 (13 bytes)
1718529416.145092 sending message 112 to peer 0x564411987370 (13 bytes)
1718529416.145094 sending message 112 to peer 0x564411987370 (13 bytes)
1718529416.145096 sending message 112 to peer 0x564411987370 (13 bytes)
1718529416.145098 sending message 112 to peer 0x564411987370 (13 bytes)
1718529416.145100 sending message 112 to peer 0x564411987370 (10 bytes)
1718529416.145101 sending message 112 to peer 0x564411987370 (9 bytes)
1718529416.145104 sending message 112 to peer 0x564411987370 (12 bytes)
1718529416.145105 sending message 112 to peer 0x564411987370 (13 bytes)
1718529416.145107 sending message 112 to peer 0x564411987370 (13 bytes)
1718529416.145109 sending message 112 to peer 0x564411987370 (13 bytes)
1718529416.145113 sending message 112 to peer 0x564411987370 (13 bytes)
1718529416.145114 sending message 112 to peer 0x564411987370 (13 bytes)
1718529416.145117 sending message 112 to peer 0x564411987370 (9 bytes)
1718529416.145119 sending message 112 to peer 0x564411987370 (12 bytes)
1718529416.145121 sending message 112 to peer 0x564411987370 (13 bytes)
1718529416.145122 sending message 112 to peer 0x564411987370 (13 bytes)
1718529416.145124 sending message 112 to peer 0x564411987370 (13 bytes)
1718529416.145126 sending message 112 to peer 0x564411987370 (13 bytes)
1718529416.145128 sending message 112 to peer 0x564411987370 (13 bytes)
1718529416.145130 sending message 112 to peer 0x564411987370 (11 bytes)
1718529416.145132 sending message 112 to peer 0x564411987370 (12 bytes)
1718529416.145134 sending message 112 to peer 0x564411987370 (13 bytes)
1718529416.145136 sending message 112 to peer 0x564411987370 (13 bytes)
1718529416.145138 sending message 112 to peer 0x564411987370 (13 bytes)
1718529416.145140 sending message 112 to peer 0x564411987370 (13 bytes)
1718529416.145143 sending message 112 to peer 0x564411987370 (13 bytes)
1718529416.145145 sending message 112 to peer 0x564411987370 (11 bytes)
1718529416.145147 sending message 112 to peer 0x564411987370 (12 bytes)
1718529416.145149 sending message 112 to peer 0x564411987370 (12 bytes)
1718529416.145151 sending message 112 to peer 0x564411987370 (12 bytes)
1718529416.145153 sending message 112 to peer 0x564411987370 (12 bytes)
1718529416.145155 sending message 112 to peer 0x564411987370 (12 bytes)
1718529416.145157 sending message 112 to peer 0x564411987370 (21 bytes)
1718529416.145159 sending message 112 to peer 0x564411987370 (12 bytes)
1718529416.145161 sending message 112 to peer 0x564411987370 (9 bytes)
1718529416.145162 sending message 112 to peer 0x564411987370 (6 bytes)
1718529416.145164 sending message 112 to peer 0x564411987370 (13 bytes)
1718529416.145166 sending message 112 to peer 0x564411987370 (10 bytes)
1718529416.145169 sending message 112 to peer 0x564411987370 (24 bytes)
1718529416.145170 sending message 112 to peer 0x564411987370 (13 bytes)
1718529416.145172 sending message 112 to peer 0x564411987370 (9 bytes)
1718529416.145176 sending message 112 to peer 0x564411987370 (70 bytes)
1718529416.145178 sending message 112 to peer 0x564411987370 (69 bytes)
1718529416.145182 sending message 112 to peer 0x564411987370 (12 bytes)
1718529416.145184 sending message 112 to peer 0x564411987370 (10 bytes)
1718529416.145185 sending message 112 to peer 0x564411987370 (10 bytes)
1718529416.145187 sending message 112 to peer 0x564411987370 (24 bytes)
1718529416.145189 sending message 112 to peer 0x564411987370 (13 bytes)
1718529416.145191 sending message 112 to peer 0x564411987370 (10 bytes)
1718529416.145193 sending message 112 to peer 0x564411987370 (10 bytes)
1718529416.145195 sending message 112 to peer 0x564411987370 (10 bytes)
1718529416.145197 sending message 112 to peer 0x564411987370 (13 bytes)
1718529416.145199 sending message 112 to peer 0x564411987370 (15 bytes)
1718529416.145201 sending message 112 to peer 0x564411987370 (5 bytes)
1718529416.145203 sending message 104 to peer 0x564411987370 (0 bytes)
1718529416.145205 sending message 110 to peer 0x564411987370 (0 bytes)
1718529416.145207 sending message 107 to peer 0x564411987370 (4 bytes)
1718529416.145211 sending message 105 to peer 0x564411987370 (39 bytes)
1718529416.145213 sending message 105 to peer 0x564411987370 (56 bytes)
1718529416.145215 sending message 105 to peer 0x564411987370 (29 bytes)
1718529416.145217 sending message 105 to peer 0x564411987370 (20 bytes)
1718529416.145219 sending message 105 to peer 0x564411987370 (54 bytes)
1718529416.145221 sending message 105 to peer 0x564411987370 (23 bytes)
1718529416.145223 sending message 105 to peer 0x564411987370 (11 bytes)
1718529416.145225 sending message 105 to peer 0x564411987370 (52 bytes)
1718529416.145227 sending message 105 to peer 0x564411987370 (86 bytes)
1718529416.145229 sending message 105 to peer 0x564411987370 (30 bytes)
1718529416.145233 sending message 105 to peer 0x564411987370 (28 bytes)
1718529416.145235 sending message 105 to peer 0x564411987370 (73 bytes)
1718529416.145237 sending message 105 to peer 0x564411987370 (17 bytes)
1718529416.145239 sending message 105 to peer 0x564411987370 (18 bytes)
1718529416.145241 sending message 105 to peer 0x564411987370 (28 bytes)
1718529416.145244 sending message 105 to peer 0x564411987370 (22 bytes)
1718529416.145247 sending message 105 to peer 0x564411987370 (21 bytes)
1718529416.145249 sending message 105 to peer 0x564411987370 (22 bytes)
1718529416.145250 sending message 105 to peer 0x564411987370 (11 bytes)
1718529416.145252 sending message 105 to peer 0x564411987370 (18 bytes)
1718529416.145254 sending message 105 to peer 0x564411987370 (14 bytes)
1718529416.145256 sending message 105 to peer 0x564411987370 (19 bytes)
1718529416.145258 sending message 105 to peer 0x564411987370 (50 bytes)
1718529416.145260 sending message 105 to peer 0x564411987370 (332 bytes)
1718529416.145262 sending message 105 to peer 0x564411987370 (34 bytes)
1718529416.145264 sending message 105 to peer 0x564411987370 (19 bytes)
1718529416.145266 sending message 105 to peer 0x564411987370 (30 bytes)
1718529416.145267 sending message 105 to peer 0x564411987370 (78 bytes)
1718529416.145270 sending message 105 to peer 0x564411987370 (128 bytes)
1718529416.145275 sending message 105 to peer 0x564411987370 (19 bytes)
1718529416.145277 sending message 105 to peer 0x564411987370 (8 bytes)
1718529416.145279 sending message 105 to peer 0x564411987370 (19 bytes)
1718529416.145281 sending message 105 to peer 0x564411987370 (47 bytes)
1718529416.145283 sending message 105 to peer 0x564411987370 (22 bytes)
1718529416.145285 sending message 105 to peer 0x564411987370 (20 bytes)
1718529416.145287 sending message 105 to peer 0x564411987370 (11 bytes)
1718529416.145289 sending message 105 to peer 0x564411987370 (18 bytes)
1718529416.145291 sending message 105 to peer 0x564411987370 (35 bytes)
1718529416.145293 sending message 105 to peer 0x564411987370 (16 bytes)
1718529416.145295 sending message 105 to peer 0x564411987370 (29 bytes)
1718529416.145297 sending message 105 to peer 0x564411987370 (77 bytes)
1718529416.145299 sending message 105 to peer 0x564411987370 (24 bytes)
1718529416.145301 sending message 105 to peer 0x564411987370 (138 bytes)
1718529416.145303 sending message 105 to peer 0x564411987370 (31 bytes)
1718529416.145307 sending message 105 to peer 0x564411987370 (15 bytes)
1718529416.145309 sending message 105 to peer 0x564411987370 (52 bytes)
1718529416.145311 sending message 105 to peer 0x564411987370 (23 bytes)
1718529416.145313 sending message 105 to peer 0x564411987370 (24 bytes)
1718529416.145315 sending message 105 to peer 0x564411987370 (17 bytes)
1718529416.145317 sending message 105 to peer 0x564411987370 (58 bytes)
1718529416.145319 sending message 105 to peer 0x564411987370 (21 bytes)
1718529416.145321 sending message 105 to peer 0x564411987370 (11 bytes)
1718529416.145323 sending message 105 to peer 0x564411987370 (16 bytes)
1718529416.145325 sending message 105 to peer 0x564411987370 (12 bytes)
1718529416.145326 sending message 105 to peer 0x564411987370 (20 bytes)
1718529416.145328 sending message 105 to peer 0x564411987370 (44 bytes)
1718529416.145330 sending message 105 to peer 0x564411987370 (39 bytes)
1718529416.145332 sending message 105 to peer 0x564411987370 (16 bytes)
1718529416.145334 sending message 105 to peer 0x564411987370 (10 bytes)
1718529416.145338 sending message 105 to peer 0x564411987370 (24 bytes)
1718529416.145340 sending message 105 to peer 0x564411987370 (13 bytes)
1718529416.145342 sending message 105 to peer 0x564411987370 (18 bytes)
1718529416.145344 sending message 105 to peer 0x564411987370 (45 bytes)
1718529416.145346 sending message 105 to peer 0x564411987370 (37 bytes)
1718529416.145348 sending message 105 to peer 0x564411987370 (71 bytes)
1718529416.145350 sending message 105 to peer 0x564411987370 (26 bytes)
1718529416.145352 sending message 105 to peer 0x564411987370 (27 bytes)
1718529416.145357 sending message 105 to peer 0x564411987370 (32 bytes)
1718529416.145359 sending message 106 to peer 0x564411987370 (0 bytes)
1718529416.145362 sending message 200 to peer 0x564411987370 (4 bytes)
1718529416.145364 client loop enter
1718529416.145409 client_signal: Child exited
1718529416.184992 peer 0x564411987370 message 207
1718529416.185008 sending message 208 to peer 0x564411987370 (0 bytes)
1718529418.309445 peer 0x564411987370 message 203
1718529418.309475 sending message 205 to peer 0x564411987370 (0 bytes)
1718529418.309786 peer 0x564411987370 message 204
1718529418.309796 client loop exit
